C:\Program Files (x86)\Microsoft Visual Studio\2019\Community\MSBuild\Microsoft\VC\v160\Microsoft.CppBuild.targets(491,5): warning MSB8028: The intermediate directory (Debug\) contains files shared from another project (AS1007.vcxproj, Example 10-01.vcxproj).  This can lead to incorrect clean and rebuild behavior.
  bullet.cpp
C:\Users\zegra\source\repos\Term Project V3\VirtuaSpider\SDL_Template32\bullet.cpp(16,7): warning C4244: '=': conversion from 'int' to 'float', possible loss of data
C:\Users\zegra\source\repos\Term Project V3\VirtuaSpider\SDL_Template32\bullet.cpp(30,27): warning C4244: '-=': conversion from 'float' to 'int', possible loss of data
C:\Users\zegra\source\repos\Term Project V3\VirtuaSpider\SDL_Template32\bullet.cpp(31,10): warning C4244: '=': conversion from 'float' to 'int', possible loss of data
  bulletList.cpp
  Game.cpp
C:\Users\zegra\source\repos\Term Project V3\VirtuaSpider\SDL_Template32\Game.cpp(139,47): warning C4244: 'argument': conversion from 'float' to 'int', possible loss of data
C:\Users\zegra\source\repos\Term Project V3\VirtuaSpider\SDL_Template32\Game.cpp(139,24): warning C4244: 'argument': conversion from 'float' to 'int', possible loss of data
C:\Users\zegra\source\repos\Term Project V3\VirtuaSpider\SDL_Template32\Game.cpp(161,25): warning C4018: '<': signed/unsigned mismatch
  Hero.cpp
C:\Users\zegra\source\repos\Term Project V3\VirtuaSpider\SDL_Template32\Hero.cpp(65,21): warning C4244: '+=': conversion from 'float' to 'int', possible loss of data
C:\Users\zegra\source\repos\Term Project V3\VirtuaSpider\SDL_Template32\Hero.cpp(66,21): warning C4244: '+=': conversion from 'float' to 'int', possible loss of data
C:\Users\zegra\source\repos\Term Project V3\VirtuaSpider\SDL_Template32\Hero.cpp(72,35): warning C4244: '+=': conversion from 'float' to 'int', possible loss of data
C:\Users\zegra\source\repos\Term Project V3\VirtuaSpider\SDL_Template32\Hero.cpp(74,42): warning C4244: '+=': conversion from 'float' to 'int', possible loss of data
C:\Users\zegra\source\repos\Term Project V3\VirtuaSpider\SDL_Template32\Hero.cpp(84,37): warning C4244: '+=': conversion from 'float' to 'int', possible loss of data
C:\Users\zegra\source\repos\Term Project V3\VirtuaSpider\SDL_Template32\Hero.cpp(86,42): warning C4244: '+=': conversion from 'float' to 'int', possible loss of data
  Main.cpp
  Sprite.cpp
  Generating Code...
  SDL_Template32.vcxproj -> C:\Users\zegra\source\repos\Term Project V3\VirtuaSpider\Debug\Game Fund.exe
